0 info it worked if it ends with ok
1 verbose cli [ 'C:\\Program Files\\nodejs\\node.exe',
1 verbose cli   'C:\\Program Files\\nodejs\\node_modules\\npm\\bin\\npm-cli.js',
1 verbose cli   'run',
1 verbose cli   'open' ]
2 info using npm@3.10.8
3 info using node@v6.9.1
4 verbose run-script [ 'preopen', 'open', 'postopen' ]
5 info lifecycle Part1Google@1.0.0~preopen: Part1Google@1.0.0
6 silly lifecycle Part1Google@1.0.0~preopen: no script for preopen, continuing
7 info lifecycle Part1Google@1.0.0~open: Part1Google@1.0.0
8 verbose lifecycle Part1Google@1.0.0~open: unsafe-perm in lifecycle true
9 verbose lifecycle Part1Google@1.0.0~open: PATH: C:\Program Files\nodejs\node_modules\npm\bin\node-gyp-bin;C:\Users\Admin\Desktop\PreProsTeamWorkP1\node_modules\.bin;C:\Users\Admin\bin;D:\Git\mingw64\bin;D:\Git\usr\local\bin;D:\Git\usr\bin;D:\Git\usr\bin;D:\Git\mingw64\bin;D:\Git\usr\bin;C:\Users\Admin\bin;C:\Program Files (x86)\Borland\Delphi7\Bin;C:\Program Files (x86)\Borland\Delphi7\Projects\Bpl;C:\Windows\system32;C:\Windows;C:\Windows\System32\Wbem;C:\Windows\System32\WindowsPowerShell\v1.0;C:\Program Files (x86)\Microsoft SQL Server\100\Tools\Binn;C:\Program Files\Microsoft SQL Server\100\Tools\Binn;C:\Program Files\Microsoft SQL Server\100\DTS\Binn;C:\Program Files\Microsoft\Web Platform Installer;C:\Program Files (x86)\Microsoft ASP.NET\ASP.NET Web Pages\v1.0;C:\Program Files (x86)\Windows Kits\8.0\Windows Performance Toolkit;C:\Program Files\Microsoft SQL Server\110\Tools\Binn;C:\Program Files (x86)\Skype\Phone;C:\Program Files\wget;C:\Program Files (x86)\NVIDIA Corporation\PhysX\Common;D:\Git\cmd;C:\Program Files\nodejs;C:\Users\Admin\AppData\Roaming\npm;D:\Git\usr\bin\vendor_perl;D:\Git\usr\bin\core_perl
10 verbose lifecycle Part1Google@1.0.0~open: CWD: C:\Users\Admin\Desktop\PreProsTeamWorkP1
11 silly lifecycle Part1Google@1.0.0~open: Args: [ '/d /s /c', 'opn http://localhost:8080/' ]
12 silly lifecycle Part1Google@1.0.0~open: Returned: code: 1  signal: null
13 info lifecycle Part1Google@1.0.0~open: Failed to exec open script
14 verbose stack Error: Part1Google@1.0.0 open: `opn http://localhost:8080/`
14 verbose stack Exit status 1
14 verbose stack     at EventEmitter.<anonymous> (C:\Program Files\nodejs\node_modules\npm\lib\utils\lifecycle.js:255:16)
14 verbose stack     at emitTwo (events.js:106:13)
14 verbose stack     at EventEmitter.emit (events.js:191:7)
14 verbose stack     at ChildProcess.<anonymous> (C:\Program Files\nodejs\node_modules\npm\lib\utils\spawn.js:40:14)
14 verbose stack     at emitTwo (events.js:106:13)
14 verbose stack     at ChildProcess.emit (events.js:191:7)
14 verbose stack     at maybeClose (internal/child_process.js:877:16)
14 verbose stack     at Process.ChildProcess._handle.onexit (internal/child_process.js:226:5)
15 verbose pkgid Part1Google@1.0.0
16 verbose cwd C:\Users\Admin\Desktop\PreProsTeamWorkP1
17 error Windows_NT 6.1.7600
18 error argv "C:\\Program Files\\nodejs\\node.exe" "C:\\Program Files\\nodejs\\node_modules\\npm\\bin\\npm-cli.js" "run" "open"
19 error node v6.9.1
20 error npm  v3.10.8
21 error code ELIFECYCLE
22 error Part1Google@1.0.0 open: `opn http://localhost:8080/`
22 error Exit status 1
23 error Failed at the Part1Google@1.0.0 open script 'opn http://localhost:8080/'.
23 error Make sure you have the latest version of node.js and npm installed.
23 error If you do, this is most likely a problem with the Part1Google package,
23 error not with npm itself.
23 error Tell the author that this fails on your system:
23 error     opn http://localhost:8080/
23 error You can get information on how to open an issue for this project with:
23 error     npm bugs Part1Google
23 error Or if that isn't available, you can get their info via:
23 error     npm owner ls Part1Google
23 error There is likely additional logging output above.
24 verbose exit [ 1, true ]
